Building documentation...
Initializing...
Merging XML documentation...
Building file mapping...
Loading XSLT files...
    namespace.xslt
    namespacehierarchy.xslt
    type.xslt
    typehierarchy.xslt
    allmembers.xslt
    individualmembers.xslt
    event.xslt
    member.xslt
    memberoverload.xslt
    property.xslt
    field.xslt
    htmlcontents.xslt
Generating HTML pages...
SimNet.html
SimNetHierarchy.html
SimNet.GiveMethod.html
SimNet.RandomObj.html
SimNet.RandomObjMembers.html
SimNet.RandomObjConstructor.html
SimNet.RandomObjProperties.html
SimNet.RandomObj.OriginalSeed.html
SimNet.RandomObjMethods.html
SimNet.RandomObj.Erlang.html
SimNet.RandomObj.Exponential.html
SimNet.RandomObj.GenerateSeedBySystemTime.html
SimNet.RandomObj.LgNormal.html
SimNet.RandomObj.Normal.html
SimNet.RandomObj.RandomValue.html
SimNet.RandomObj.SetSeed.html
SimNet.RandomObj.Triangular.html
SimNet.RandomObj.UniformDouble.html
SimNet.RandomObj.UniformInt.html
SimNet.RandomObj.Weibull.html
SimNet.ResObj.html
SimNet.ResObjMembers.html
SimNet.ResObjConstructor.html
SimNet.ResObjProperties.html
SimNet.ResObj.NumberDesired.html
SimNet.ResObj.Obj.html
SimNet.ResObj.Priority.html
SimNet.ResObj.TimePeroid.html
SimNet.ResourceObj.html
SimNet.ResourceObjMembers.html
SimNet.ResourceObjConstructor.html
SimNet.ResourceObjProperties.html
SimNet.ResourceObj.MaxResources.html
SimNet.ResourceObj.PendingResources.html
SimNet.ResourceObj.Resources.html
SimNet.ResourceObjMethods.html
SimNet.ResourceObj.CreateResource.html
SimNet.ResourceObj.GetAe.html
SimNet.ResourceObj.GetAeq.html
SimNet.ResourceObj.GetAeq0.html
SimNet.ResourceObj.GetMa.html
SimNet.ResourceObj.GetMaxi.html
SimNet.ResourceObj.GetMaxq.html
SimNet.ResourceObj.GetMb.html
SimNet.ResourceObj.GetMi.html
SimNet.ResourceObj.GetMlq.html
SimNet.ResourceObj.GetMv.html
SimNet.ResourceObj.GetMvq.html
SimNet.ResourceObj.GetMvq0.html
SimNet.ResourceObj.GetPendingList.html
SimNet.ResourceObj.GetResource.html
SimNet.ResourceObj.GetResourceList.html
SimNet.ResourceObj.GetZI.html
SimNet.ResourceObj.GetZIQ.html
SimNet.ResourceObj.Give.html
SimNet.ResourceObj.IncrementResources.html
SimNet.ResourceObj.PriorityGive.html
SimNet.ResourceObj.TakeBack.html
SimNet.ResourceObj.TimedGive.html
SimNet.Scheduler.html
SimNet.SchedulerMembers.html
SimNet.SchedulerConstructor.html
SimNet.SchedulerProperties.html
SimNet.Scheduler.SimTime.html
SimNet.SchedulerMethods.html
SimNet.Scheduler.AddInterruptObj.html
SimNet.Scheduler.AddNewSchedObj.html
SimNet.Scheduler.AddResourcePendingObj.html
SimNet.Scheduler.AddWaitForObj.html
SimNet.Scheduler.GetCurrentSchedObj.html
SimNet.Scheduler.GetSchedObjects.html
SimNet.Scheduler.RemoveResourcePendingObj.html
SimNet.Scheduler.RemoveSchedObj.html
SimNet.Scheduler.SortSchedObjects.html
SimNet.Scheduler.Start.html
SimNet.Scheduler.Stop.html
SimNet.SimObj.html
SimNet.SimObjMembers.html
SimNet.SimObjConstructor.html
SimNet.SimObjProperties.html
SimNet.SimObj.FutureTime.html
SimNet.SimObj.Interrupt.html
SimNet.SimObj.Label.html
SimNet.SimObj.Locals.html
SimNet.SimObj.Method.html
SimNet.SimObj.Params.html
SimNet.SimObj.Priority.html
SimNet.SimObj.Waitfor.html
SimNet.Simulation.html
SimNet.SimulationMembers.html
SimNet.SimulationConstructor.html
SimNet.SimulationMethods.html
SimNet.Simulation.Interrupt.html
SimNet.Simulation.InterruptAll.html
SimNet.Simulation.SimTime.html
SimNet.Simulation.StartSimulation.html
SimNet.Simulation.StopSimulation.html
SimNet.Simulation.Tell.html
SimNet.Simulation.Wait.html
SimNet.Simulation.WaitFor_overloads.html
SimNet.Simulation.WaitFor_overload_2.html
SimNet.Simulation.WaitFor_overload_1.html
SimNet.TELLAttribute.html
SimNet.TELLAttributeMembers.html
SimNet.TELLAttributeConstructor.html
SimNet.TellMethod.html
Generating HTML content file...
transform the HHC contents file into html
Compiling HTML Help file...
Compiling Html Help file
Microsoft HTML Help Compiler 4.74.8702

Compiling c:\Studium\Projekte\SimNet\doc\ndoc_msdn_temp\SimNet - Bibliothek.chm


Compile time: 0 minutes, 3 seconds
108	Topics
673	Local links
641	Internet links
4	Graphics


Created c:\Studium\Projekte\SimNet\doc\ndoc_msdn_temp\SimNet - Bibliothek.chm, 90,159 bytes
Compression decreased file by 380,936 bytes.

Html Help compile complete
Writing documentation to output path
Done.
